0 info it worked if it ends with ok
1 verbose cli [ '/usr/local/Cellar/node/0.10.25/bin/node',
1 verbose cli   '/usr/local/bin/npm',
1 verbose cli   'install',
1 verbose cli   'firebase-angular' ]
2 info using npm@1.3.24
3 info using node@v0.10.25
4 warn package.json whattoexpectat@0.0.0 No description
5 warn package.json whattoexpectat@0.0.0 No repository field.
6 warn package.json whattoexpectat@0.0.0 No README data
7 verbose readDependencies using package.json deps
8 verbose cache add [ 'firebase-angular', null ]
9 verbose cache add name=undefined spec="firebase-angular" args=["firebase-angular",null]
10 verbose parsed url { protocol: null,
10 verbose parsed url   slashes: null,
10 verbose parsed url   auth: null,
10 verbose parsed url   host: null,
10 verbose parsed url   port: null,
10 verbose parsed url   hostname: null,
10 verbose parsed url   hash: null,
10 verbose parsed url   search: null,
10 verbose parsed url   query: null,
10 verbose parsed url   pathname: 'firebase-angular',
10 verbose parsed url   path: 'firebase-angular',
10 verbose parsed url   href: 'firebase-angular' }
11 silly lockFile 089b332e-firebase-angular firebase-angular
12 verbose lock firebase-angular /Users/jason/.npm/089b332e-firebase-angular.lock
13 silly lockFile 089b332e-firebase-angular firebase-angular
14 silly lockFile 089b332e-firebase-angular firebase-angular
15 verbose addNamed [ 'firebase-angular', '' ]
16 verbose addNamed [ null, '*' ]
17 silly lockFile da5b2430-firebase-angular firebase-angular@
18 verbose lock firebase-angular@ /Users/jason/.npm/da5b2430-firebase-angular.lock
19 silly addNameRange { name: 'firebase-angular', range: '*', hasData: false }
20 verbose url raw firebase-angular
21 verbose url resolving [ 'https://registry.npmjs.org/', './firebase-angular' ]
22 verbose url resolved https://registry.npmjs.org/firebase-angular
23 info trying registry request attempt 1 at 00:28:34
24 http GET https://registry.npmjs.org/firebase-angular
25 http 404 https://registry.npmjs.org/firebase-angular
26 silly registry.get cb [ 404,
26 silly registry.get   { date: 'Fri, 28 Feb 2014 05:28:34 GMT',
26 silly registry.get     server: 'CouchDB/1.5.0 (Erlang OTP/R16B)',
26 silly registry.get     'content-type': 'application/json',
26 silly registry.get     via: '1.1 varnish',
26 silly registry.get     'cache-control': 'max-age=0',
26 silly registry.get     'content-length': '52',
26 silly registry.get     'accept-ranges': 'bytes',
26 silly registry.get     age: '0',
26 silly registry.get     'x-served-by': 'cache-v41-ASH, cache-at50-ATL',
26 silly registry.get     'x-cache': 'MISS, MISS',
26 silly registry.get     'x-cache-hits': '0, 0',
26 silly registry.get     'x-timer': 'S1393565314.564124823,VS0,VS-126,VE-104,VE36',
26 silly registry.get     'keep-alive': 'timeout=10, max=50',
26 silly registry.get     connection: 'Keep-Alive' } ]
27 silly lockFile da5b2430-firebase-angular firebase-angular@
28 silly lockFile da5b2430-firebase-angular firebase-angular@
29 error 404 'firebase-angular' is not in the npm registry.
29 error 404 You should bug the author to publish it
29 error 404 It was specified as a dependency of 'whattoexpectat'
29 error 404
29 error 404 Note that you can also install from a
29 error 404 tarball, folder, or http url, or git url.
30 error System Darwin 13.0.0
31 error command "/usr/local/Cellar/node/0.10.25/bin/node" "/usr/local/bin/npm" "install" "firebase-angular"
32 error cwd /Users/jason/Dropbox/dev/whattoexpectat.com
33 error node -v v0.10.25
34 error npm -v 1.3.24
35 error code E404
36 verbose exit [ 1, true ]
